<?xml version="1.0" encoding="UTF-8"?>
<!-- Generated by org.testng.reporters.JUnitXMLReporter -->
<testsuite ignored="0" hostname="IE4LLTBZN4PQ2" failures="0" tests="4" name="Test" time="51.85" errors="0" timestamp="2022-09-04T20:28:22 IST">
  <testcase classname="test.BaseClass" name="@BeforeMethod SetUp" time="24.415">
    <failure type="org.openqa.selenium.SessionNotCreatedException" message="session not created: This version of ChromeDriver only supports Chrome version 103
Current browser version is 105.0.5195.102 with binary path C:\Program Files (x86)\Google\Chrome\Application\chrome.exe
Build info: version: &amp;apos;3.141.59&amp;apos;, revision: &amp;apos;e82be7d358&amp;apos;, time: &amp;apos;2018-11-14T08:17:03&amp;apos;
System info: host: &amp;apos;IE4LLTBZN4PQ2&amp;apos;, ip: &amp;apos;10.0.75.1&amp;apos;, os.name: &amp;apos;Windows 10&amp;apos;, os.arch: &amp;apos;amd64&amp;apos;, os.version: &amp;apos;10.0&amp;apos;, java.version: &amp;apos;17.0.1&amp;apos;
Driver info: driver.version: ChromeDriver
remote stacktrace: Backtrace:
	Ordinal0 [0x00AE6463+2188387]
	Ordinal0 [0x00A7E461+1762401]
	Ordinal0 [0x00993D78+802168]
	Ordinal0 [0x009B4E59+937561]
	Ordinal0 [0x009B0A6C+920172]
	Ordinal0 [0x009AE331+910129]
	Ordinal0 [0x009E1430+1119280]
	Ordinal0 [0x009E108A+1118346]
	Ordinal0 [0x009DC5F6+1099254]
	Ordinal0 [0x009B6BE0+945120]
	Ordinal0 [0x009B7AD6+948950]
	GetHandleVerifier [0x00D871F2+2712546]
	GetHandleVerifier [0x00D7886D+2652765]
	GetHandleVerifier [0x00B7002A+520730]
	GetHandleVerifier [0x00B6EE06+516086]
	Ordinal0 [0x00A8468B+1787531]
	Ordinal0 [0x00A88E88+1805960]
	Ordinal0 [0x00A88F75+1806197]
	Ordinal0 [0x00A91DF1+1842673]
	BaseThreadInitThunk [0x763EFA29+25]
	RtlGetAppContainerNamedObjectPath [0x775A7A7E+286]
	RtlGetAppContainerNamedObjectPath [0x775A7A4E+238]
">
      <![CDATA[org.openqa.selenium.SessionNotCreatedException: session not created: This version of ChromeDriver only supports Chrome version 103
Current browser version is 105.0.5195.102 with binary path C:\Program Files (x86)\Google\Chrome\Application\chrome.exe
Build info: version: '3.141.59', revision: 'e82be7d358', time: '2018-11-14T08:17:03'
System info: host: 'IE4LLTBZN4PQ2', ip: '10.0.75.1', os.name: 'Windows 10', os.arch: 'amd64', os.version: '10.0', java.version: '17.0.1'
Driver info: driver.version: ChromeDriver
remote stacktrace: Backtrace:
Ordinal0 [0x00AE6463+2188387]
Ordinal0 [0x00A7E461+1762401]
Ordinal0 [0x00993D78+802168]
Ordinal0 [0x009B4E59+937561]
Ordinal0 [0x009B0A6C+920172]
Ordinal0 [0x009AE331+910129]
Ordinal0 [0x009E1430+1119280]
Ordinal0 [0x009E108A+1118346]
Ordinal0 [0x009DC5F6+1099254]
Ordinal0 [0x009B6BE0+945120]
Ordinal0 [0x009B7AD6+948950]
GetHandleVerifier [0x00D871F2+2712546]
GetHandleVerifier [0x00D7886D+2652765]
GetHandleVerifier [0x00B7002A+520730]
GetHandleVerifier [0x00B6EE06+516086]
Ordinal0 [0x00A8468B+1787531]
Ordinal0 [0x00A88E88+1805960]
Ordinal0 [0x00A88F75+1806197]
Ordinal0 [0x00A91DF1+1842673]
BaseThreadInitThunk [0x763EFA29+25]
RtlGetAppContainerNamedObjectPath [0x775A7A7E+286]
RtlGetAppContainerNamedObjectPath [0x775A7A4E+238]

at org.openqa.selenium.remote.W3CHandshakeResponse.lambda$errorHandler$0(W3CHandshakeResponse.java:62)
at org.openqa.selenium.remote.HandshakeResponse.lambda$getResponseFunction$0(HandshakeResponse.java:30)
at org.openqa.selenium.remote.ProtocolHandshake.lambda$createSession$0(ProtocolHandshake.java:126)
at java.base/java.util.stream.ReferencePipeline$3$1.accept(ReferencePipeline.java:197)
at java.base/java.util.Spliterators$ArraySpliterator.tryAdvance(Spliterators.java:1002)
at java.base/java.util.stream.ReferencePipeline.forEachWithCancel(ReferencePipeline.java:129)
at java.base/java.util.stream.AbstractPipeline.copyIntoWithCancel(AbstractPipeline.java:527)
at java.base/java.util.stream.AbstractPipeline.copyInto(AbstractPipeline.java:513)
at java.base/java.util.stream.AbstractPipeline.wrapAndCopyInto(AbstractPipeline.java:499)
at java.base/java.util.stream.FindOps$FindOp.evaluateSequential(FindOps.java:150)
at java.base/java.util.stream.AbstractPipeline.evaluate(AbstractPipeline.java:234)
at java.base/java.util.stream.ReferencePipeline.findFirst(ReferencePipeline.java:647)
at org.openqa.selenium.remote.ProtocolHandshake.createSession(ProtocolHandshake.java:128)
at org.openqa.selenium.remote.ProtocolHandshake.createSession(ProtocolHandshake.java:74)
at org.openqa.selenium.remote.HttpCommandExecutor.execute(HttpCommandExecutor.java:136)
at org.openqa.selenium.remote.service.DriverCommandExecutor.execute(DriverCommandExecutor.java:83)
at org.openqa.selenium.remote.RemoteWebDriver.execute(RemoteWebDriver.java:552)
at org.openqa.selenium.remote.RemoteWebDriver.startSession(RemoteWebDriver.java:213)
at org.openqa.selenium.remote.RemoteWebDriver.<init>(RemoteWebDriver.java:131)
at org.openqa.selenium.chrome.ChromeDriver.<init>(ChromeDriver.java:181)
at org.openqa.selenium.chrome.ChromeDriver.<init>(ChromeDriver.java:168)
at org.openqa.selenium.chrome.ChromeDriver.<init>(ChromeDriver.java:123)
at test.BaseClass.SetUp(BaseClass.java:21)
at java.base/java.util.ArrayList.forEach(ArrayList.java:1511)
... Removed 36 stack frames]]>
    </failure>
  </testcase> <!-- @BeforeMethod SetUp -->
  <testcase classname="test.BaseClass" name="@AfterMethod TearDown" time="0.0">
    <skipped/>
  </testcase> <!-- @AfterMethod TearDown -->
  <testcase classname="test.BaseClass" name="@BeforeMethod SetUp" time="27.253">
    <failure type="org.openqa.selenium.SessionNotCreatedException" message="session not created: This version of ChromeDriver only supports Chrome version 103
Current browser version is 105.0.5195.102 with binary path C:\Program Files (x86)\Google\Chrome\Application\chrome.exe
Build info: version: &amp;apos;3.141.59&amp;apos;, revision: &amp;apos;e82be7d358&amp;apos;, time: &amp;apos;2018-11-14T08:17:03&amp;apos;
System info: host: &amp;apos;IE4LLTBZN4PQ2&amp;apos;, ip: &amp;apos;10.0.75.1&amp;apos;, os.name: &amp;apos;Windows 10&amp;apos;, os.arch: &amp;apos;amd64&amp;apos;, os.version: &amp;apos;10.0&amp;apos;, java.version: &amp;apos;17.0.1&amp;apos;
Driver info: driver.version: ChromeDriver
remote stacktrace: Backtrace:
	Ordinal0 [0x00AE6463+2188387]
	Ordinal0 [0x00A7E461+1762401]
	Ordinal0 [0x00993D78+802168]
	Ordinal0 [0x009B4E59+937561]
	Ordinal0 [0x009B0A6C+920172]
	Ordinal0 [0x009AE331+910129]
	Ordinal0 [0x009E1430+1119280]
	Ordinal0 [0x009E108A+1118346]
	Ordinal0 [0x009DC5F6+1099254]
	Ordinal0 [0x009B6BE0+945120]
	Ordinal0 [0x009B7AD6+948950]
	GetHandleVerifier [0x00D871F2+2712546]
	GetHandleVerifier [0x00D7886D+2652765]
	GetHandleVerifier [0x00B7002A+520730]
	GetHandleVerifier [0x00B6EE06+516086]
	Ordinal0 [0x00A8468B+1787531]
	Ordinal0 [0x00A88E88+1805960]
	Ordinal0 [0x00A88F75+1806197]
	Ordinal0 [0x00A91DF1+1842673]
	BaseThreadInitThunk [0x763EFA29+25]
	RtlGetAppContainerNamedObjectPath [0x775A7A7E+286]
	RtlGetAppContainerNamedObjectPath [0x775A7A4E+238]
">
      <![CDATA[org.openqa.selenium.SessionNotCreatedException: session not created: This version of ChromeDriver only supports Chrome version 103
Current browser version is 105.0.5195.102 with binary path C:\Program Files (x86)\Google\Chrome\Application\chrome.exe
Build info: version: '3.141.59', revision: 'e82be7d358', time: '2018-11-14T08:17:03'
System info: host: 'IE4LLTBZN4PQ2', ip: '10.0.75.1', os.name: 'Windows 10', os.arch: 'amd64', os.version: '10.0', java.version: '17.0.1'
Driver info: driver.version: ChromeDriver
remote stacktrace: Backtrace:
Ordinal0 [0x00AE6463+2188387]
Ordinal0 [0x00A7E461+1762401]
Ordinal0 [0x00993D78+802168]
Ordinal0 [0x009B4E59+937561]
Ordinal0 [0x009B0A6C+920172]
Ordinal0 [0x009AE331+910129]
Ordinal0 [0x009E1430+1119280]
Ordinal0 [0x009E108A+1118346]
Ordinal0 [0x009DC5F6+1099254]
Ordinal0 [0x009B6BE0+945120]
Ordinal0 [0x009B7AD6+948950]
GetHandleVerifier [0x00D871F2+2712546]
GetHandleVerifier [0x00D7886D+2652765]
GetHandleVerifier [0x00B7002A+520730]
GetHandleVerifier [0x00B6EE06+516086]
Ordinal0 [0x00A8468B+1787531]
Ordinal0 [0x00A88E88+1805960]
Ordinal0 [0x00A88F75+1806197]
Ordinal0 [0x00A91DF1+1842673]
BaseThreadInitThunk [0x763EFA29+25]
RtlGetAppContainerNamedObjectPath [0x775A7A7E+286]
RtlGetAppContainerNamedObjectPath [0x775A7A4E+238]

at org.openqa.selenium.remote.W3CHandshakeResponse.lambda$errorHandler$0(W3CHandshakeResponse.java:62)
at org.openqa.selenium.remote.HandshakeResponse.lambda$getResponseFunction$0(HandshakeResponse.java:30)
at org.openqa.selenium.remote.ProtocolHandshake.lambda$createSession$0(ProtocolHandshake.java:126)
at java.base/java.util.stream.ReferencePipeline$3$1.accept(ReferencePipeline.java:197)
at java.base/java.util.Spliterators$ArraySpliterator.tryAdvance(Spliterators.java:1002)
at java.base/java.util.stream.ReferencePipeline.forEachWithCancel(ReferencePipeline.java:129)
at java.base/java.util.stream.AbstractPipeline.copyIntoWithCancel(AbstractPipeline.java:527)
at java.base/java.util.stream.AbstractPipeline.copyInto(AbstractPipeline.java:513)
at java.base/java.util.stream.AbstractPipeline.wrapAndCopyInto(AbstractPipeline.java:499)
at java.base/java.util.stream.FindOps$FindOp.evaluateSequential(FindOps.java:150)
at java.base/java.util.stream.AbstractPipeline.evaluate(AbstractPipeline.java:234)
at java.base/java.util.stream.ReferencePipeline.findFirst(ReferencePipeline.java:647)
at org.openqa.selenium.remote.ProtocolHandshake.createSession(ProtocolHandshake.java:128)
at org.openqa.selenium.remote.ProtocolHandshake.createSession(ProtocolHandshake.java:74)
at org.openqa.selenium.remote.HttpCommandExecutor.execute(HttpCommandExecutor.java:136)
at org.openqa.selenium.remote.service.DriverCommandExecutor.execute(DriverCommandExecutor.java:83)
at org.openqa.selenium.remote.RemoteWebDriver.execute(RemoteWebDriver.java:552)
at org.openqa.selenium.remote.RemoteWebDriver.startSession(RemoteWebDriver.java:213)
at org.openqa.selenium.remote.RemoteWebDriver.<init>(RemoteWebDriver.java:131)
at org.openqa.selenium.chrome.ChromeDriver.<init>(ChromeDriver.java:181)
at org.openqa.selenium.chrome.ChromeDriver.<init>(ChromeDriver.java:168)
at org.openqa.selenium.chrome.ChromeDriver.<init>(ChromeDriver.java:123)
at test.BaseClass.SetUp(BaseClass.java:21)
at java.base/java.util.ArrayList.forEach(ArrayList.java:1511)
... Removed 36 stack frames]]>
    </failure>
  </testcase> <!-- @BeforeMethod SetUp -->
  <testcase classname="test.BaseClass" name="@AfterMethod TearDown" time="0.0">
    <skipped/>
  </testcase> <!-- @AfterMethod TearDown -->
  <testcase classname="test.BaseClass" name="@BeforeMethod SetUp" time="0.0">
    <skipped/>
  </testcase> <!-- @BeforeMethod SetUp -->
  <testcase classname="test.BaseClass" name="@AfterMethod TearDown" time="0.0">
    <skipped/>
  </testcase> <!-- @AfterMethod TearDown -->
  <testcase classname="test.BaseClass" name="@BeforeMethod SetUp" time="0.0">
    <skipped/>
  </testcase> <!-- @BeforeMethod SetUp -->
  <testcase classname="test.BaseClass" name="@AfterMethod TearDown" time="0.0">
    <skipped/>
  </testcase> <!-- @AfterMethod TearDown -->
  <testcase classname="test.AdminLoginTest" name="addProduct" time="0.002">
    <skipped/>
  </testcase> <!-- addProduct -->
  <testcase classname="test.UserLoginTest" name="BuyMedicineTest" time="0.0">
    <skipped/>
  </testcase> <!-- BuyMedicineTest -->
  <testcase classname="test.UserLoginTest" name="CategoryTest" time="0.0">
    <skipped/>
  </testcase> <!-- CategoryTest -->
  <testcase classname="test.UserLoginTest" name="ProductFilterTest" time="0.0">
    <skipped/>
  </testcase> <!-- ProductFilterTest -->
</testsuite> <!-- Test -->
